2026-04-09 23:06:48, MOVE, v:1, k:ed@fractais_png, mode:PICK
2026-04-09 23:07:17, EXEC, v:1, k:ed@fractais_png, mode:LOCK, rate:0, size:136
2026-04-09 23:07:26, EXEC, v:1, k:ed@fractais_png, mode:LOCK, rate:0, size:136
2026-04-09 23:07:35, EXEC, v:1, k:ed@fractais_png, mode:LOCK, rate:0, size:136
2026-04-09 23:09:35, EXEC, v:1, k:ed@fractais_png, mode:LOCK, rate:0, size:138
2026-04-09 23:09:59, EXEC, v:1, k:ed@fractais_png, mode:FULL, size:138, fail:COMP
2026-04-09 23:10:13, EXEC, v:1, k:ed@fractais_png, mode:LOCK, rate:0, size:138
2026-04-09 23:10:24, EXEC, v:1, k:ed@fractais_png, mode:LOCK, rate:0, size:138
2026-04-09 23:10:48, EXEC, v:1, k:ed@fractais_png, mode:LOCK, rate:0, size:138
2026-04-09 23:10:55, EXEC, v:1, k:ed@fractais_png, mode:LOCK, rate:0
2026-04-09 23:11:05, EXEC, v:1, k:ed@fractais_png, mode:LOCK, rate:0, size:138
2026-04-09 23:11:15, EXEC, v:1, k:ed@fractais_png, mode:LOCK, rate:0, size:138
2026-04-09 23:12:27, EXEC, v:1, k:ed@fractais_png, mode:FULL, size:139, fail:COMP
2026-04-09 23:12:53, EXEC, v:1, k:ed@fractais_png, mode:FULL, size:140, fail:COMP
2026-04-09 23:13:00, EXEC, v:1, k:ed@fractais_png, mode:FULL, size:140, fail:COMP
2026-04-09 23:13:16, EXEC, v:1, k:ed@fractais_png, mode:FULL, size:140, fail:COMP
2026-04-09 23:13:18, EXEC, v:1, k:ed@fractais_png, mode:FULL, fail:COMP
2026-04-09 23:13:29, EXEC, v:1, k:ed@fractais_png, mode:LOCK, rate:0, size:140
2026-04-09 23:13:43, EXEC, v:1, k:ed@fractais_png, mode:LOCK, rate:0, size:139
2026-04-09 23:13:46, EXEC, v:1, k:ed@fractais_png, mode:LOCK, rate:0
2026-04-09 23:13:59, EXEC, v:1, k:ed@fractais_png, mode:LOCK, rate:0, size:140
2026-04-09 23:14:09, EXEC, v:1, k:ed@fractais_png, mode:LOCK, rate:0, size:140
2026-04-09 23:14:16, EXEC, v:1, k:ed@fractais_png, mode:LOCK, rate:0, size:140
2026-04-09 23:14:31, EXEC, v:1, k:ed@fractais_png, mode:LOCK, rate:0, size:140
2026-04-09 23:14:41, EXEC, v:1, k:ed@fractais_png, mode:LOCK, rate:0, size:140
2026-04-09 23:14:54, EXEC, v:1, k:ed@fractais_png, mode:LOCK, rate:0, size:140
2026-04-09 23:15:15, EXEC, v:1, k:ed@fractais_png, mode:LOCK, rate:0, size:140
2026-04-09 23:15:24, EXEC, v:1, k:ed@fractais_png, mode:LOCK, rate:0, size:140
2026-04-09 23:15:34, EXEC, v:1, k:ed@fractais_png, mode:LOCK, rate:0, size:140
2026-04-09 23:15:44, EXEC, v:1, k:ed@fractais_png, mode:LOCK, rate:0, size:140
2026-04-09 23:15:52, EXEC, v:1, k:ed@fractais_png, mode:LOCK, rate:0, size:140
2026-04-09 23:16:04, EXEC, v:1, k:ed@fractais_png, mode:LOCK, rate:0, size:140
2026-04-09 23:16:41, EXEC, v:1, k:ed@fractais_png, mode:LOCK, rate:0, size:140
2026-04-09 23:16:53, EXEC, v:1, k:ed@fractais_png, mode:LOCK, rate:0, size:140
2026-04-09 23:17:00, EXEC, v:1, k:ed@fractais_png, mode:LOCK, rate:0, size:140
2026-04-09 23:17:30, MOVE, v:1, k:ed@fractais_png, mode:PICK
2026-04-09 23:17:32, EXEC, v:1, k:ed@fractais_png, mode:LOCK, rate:0, size:140
2026-04-09 23:18:08, EXEC, v:1, k:ed@fractais_png, mode:LOCK, rate:0, size:140
2026-04-09 23:18:16, EXEC, v:1, k:ed@fractais_png, mode:LOCK, rate:0, size:140
2026-04-09 23:18:25, EXEC, v:1, k:ed@fractais_png, mode:LOCK, rate:0, size:140
2026-04-09 23:18:39, EXEC, v:1, k:ed@fractais_png, mode:LOCK, rate:0, size:140
2026-04-09 23:18:47, EXEC, v:1, k:ed@fractais_png, mode:LOCK, rate:0, size:140
2026-04-09 23:18:54, EXEC, v:1, k:ed@fractais_png, mode:LOCK, rate:0, size:140
2026-04-09 23:19:22, EXEC, v:1, k:ed@fractais_png, mode:LOCK, rate:0, size:140
2026-04-09 23:19:28, EXEC, v:1, k:ed@fractais_png, mode:LOCK, rate:0, size:140
2026-04-09 23:19:35, EXEC, v:1, k:ed@fractais_png, mode:LOCK, rate:0, size:140
2026-04-09 23:19:45, EXEC, v:1, k:ed@fractais_png, mode:LOCK, rate:0, size:140
2026-04-09 23:20:09, EXEC, v:1, k:ed@fractais_png, mode:LOCK, rate:0, size:140
2026-04-09 23:20:15, EXEC, v:1, k:ed@fractais_png, mode:LOCK, rate:0, size:140
2026-04-09 23:20:22, EXEC, v:1, k:ed@fractais_png, mode:LOCK, rate:0, size:140
2026-04-09 23:20:29, EXEC, v:1, k:ed@fractais_png, mode:LOCK, rate:0, size:140
2026-04-09 23:20:40, EXEC, v:1, k:ed@fractais_png, mode:LOCK, rate:0, size:140
2026-04-09 23:20:50, EXEC, v:1, k:ed@fractais_png, mode:LOCK, rate:0, size:140
2026-04-09 23:21:01, EXEC, v:1, k:ed@fractais_png, mode:LOCK, rate:0, size:140
2026-04-09 23:21:12, EXEC, v:1, k:ed@fractais_png, mode:LOCK, rate:0, size:140
2026-04-09 23:21:27, EXEC, v:1, k:ed@fractais_png, mode:LOCK, rate:0, size:140
2026-04-09 23:21:33, EXEC, v:1, k:ed@fractais_png, mode:LOCK, rate:0, size:140
2026-04-09 23:21:41, EXEC, v:1, k:ed@fractais_png, mode:LOCK, rate:0, size:140
2026-04-09 23:21:49, EXEC, v:1, k:ed@fractais_png, mode:LOCK, rate:0, size:140
2026-04-09 23:21:58, EXEC, v:1, k:ed@fractais_png, mode:LOCK, rate:0, size:140
2026-04-09 23:22:03, EXEC, v:1, k:ed@fractais_png, mode:LOCK, rate:0, size:140
2026-04-09 23:22:39, EXEC, v:1, k:ed@fractais_png, mode:LOCK, rate:0, size:143
2026-04-09 23:23:03, EXEC, v:1, k:ed@fractais_png, mode:LOCK, rate:0, size:143
2026-04-09 23:23:11, EXEC, v:1, k:ed@fractais_png, mode:LOCK, rate:0, size:143
2026-04-09 23:23:19, EXEC, v:1, k:ed@fractais_png, mode:LOCK, rate:0, size:143
2026-04-09 23:23:30, EXEC, v:1, k:ed@fractais_png, mode:LOCK, rate:0, size:143
2026-04-09 23:23:38, EXEC, v:1, k:ed@fractais_png, mode:LOCK, rate:0, size:143
2026-04-09 23:23:45, EXEC, v:1, k:ed@fractais_png, mode:LOCK, rate:0, size:143
2026-04-09 23:23:53, EXEC, v:1, k:ed@fractais_png, mode:LOCK, rate:0, size:143
2026-04-09 23:24:03, EXEC, v:1, k:ed@fractais_png, mode:LOCK, rate:0, size:143
2026-04-09 23:24:30, EXEC, v:1, k:ed@fractais_png, mode:LOCK, rate:0, size:146
2026-04-09 23:24:54, EXEC, v:1, k:ed@fractais_png, mode:LOCK, rate:0, size:149
2026-04-09 23:24:59, EXEC, v:1, k:ed@fractais_png, mode:LOCK, rate:0
2026-04-09 23:25:22, EXEC, v:1, k:ed@fractais_png, mode:LOCK, rate:0, size:148
2026-04-09 23:25:25, EXEC, v:1, k:ed@fractais_png, mode:LOCK, rate:0
2026-04-09 23:25:35, EXEC, v:1, k:ed@fractais_png, mode:LOCK, rate:0, size:147
2026-04-09 23:25:42, EXEC, v:1, k:ed@fractais_png, mode:LOCK, rate:0, size:147
2026-04-09 23:26:03, EXEC, v:1, k:ed@fractais_png, mode:LOCK, rate:0, size:149
2026-04-09 23:26:12, EXEC, v:1, k:ed@fractais_png, mode:LOCK, rate:0, size:149
2026-04-09 23:26:18, EXEC, v:1, k:ed@fractais_png, mode:LOCK, rate:0, size:149
2026-04-09 23:26:25, EXEC, v:1, k:ed@fractais_png, mode:LOCK, rate:0, size:149
2026-04-09 23:26:32, EXEC, v:1, k:ed@fractais_png, mode:LOCK, rate:0, size:149
2026-04-09 23:26:42, EXEC, v:1, k:ed@fractais_png, mode:LOCK, rate:0, size:149
2026-04-09 23:27:01, EXEC, v:1, k:ed@fractais_png, mode:LOCK, rate:0, size:153
2026-04-09 23:27:12, EXEC, v:1, k:ed@fractais_png, mode:LOCK, rate:0, size:153
2026-04-09 23:27:20, EXEC, v:1, k:ed@fractais_png, mode:LOCK, rate:0, size:153
2026-04-09 23:27:27, EXEC, v:1, k:ed@fractais_png, mode:LOCK, rate:0, size:153
2026-04-09 23:27:36, EXEC, v:1, k:ed@fractais_png, mode:LOCK, rate:0, size:153
2026-04-09 23:27:43, EXEC, v:1, k:ed@fractais_png, mode:LOCK, rate:0, size:153
2026-04-09 23:28:21, EXEC, v:1, k:ed@fractais_png, mode:LOCK, rate:0, size:153
2026-04-09 23:28:43, MOVE, v:1, k:ed@fractais_png, mode:PICK
2026-04-09 23:28:45, EXEC, v:1, k:ed@fractais_png, mode:LOCK, rate:0, size:154
2026-04-09 23:29:04, EXEC, v:1, k:ed@fractais_png, mode:LOCK, rate:0, size:155
2026-04-09 23:29:11, EXEC, v:1, k:ed@fractais_png, mode:LOCK, rate:0, size:155
2026-04-09 23:29:40, EXEC, v:1, k:ed@fractais_png, mode:LOCK, rate:0, size:155
2026-04-09 23:29:44, EXEC, v:1, k:ed@fractais_png, mode:LOCK, rate:0
2026-04-09 23:29:54, EXEC, v:1, k:ed@fractais_png, mode:LOCK, rate:0, size:155
2026-04-09 23:30:22, EXEC, v:1, k:ed@fractais_png, mode:FULL, size:155, fail:COMP
2026-04-09 23:39:14, EXEC, v:1, k:ed@fractais_png, mode:LOCK, rate:0, size:155
2026-04-09 23:39:28, EXEC, v:1, k:ed@fractais_png, mode:LOCK, rate:0, size:155
2026-04-09 23:39:35, EXEC, v:1, k:ed@fractais_png, mode:LOCK, rate:0, size:155
2026-04-09 23:39:43, EXEC, v:1, k:ed@fractais_png, mode:LOCK, rate:0, size:155
2026-04-09 23:39:49, EXEC, v:1, k:ed@fractais_png, mode:LOCK, rate:0, size:155
2026-04-09 23:40:00, EXEC, v:1, k:ed@fractais_png, mode:LOCK, rate:0, size:155
2026-04-09 23:40:12, EXEC, v:1, k:ed@fractais_png, mode:LOCK, rate:0, size:155
2026-04-09 23:40:19, EXEC, v:1, k:ed@fractais_png, mode:LOCK, rate:0, size:155
2026-04-09 23:40:28, EXEC, v:1, k:ed@fractais_png, mode:LOCK, rate:0, size:155
2026-04-09 23:40:35, EXEC, v:1, k:ed@fractais_png, mode:LOCK, rate:0, size:155
2026-04-09 23:40:58, EXEC, v:1, k:ed@fractais_png, mode:LOCK, rate:0, size:153
2026-04-09 23:41:14, EXEC, v:1, k:ed@fractais_png, mode:LOCK, rate:0, size:153
2026-04-09 23:41:24, EXEC, v:1, k:ed@fractais_png, mode:LOCK, rate:0, size:153
2026-04-09 23:41:30, EXEC, v:1, k:ed@fractais_png, mode:LOCK, rate:0, size:153
2026-04-09 23:41:39, EXEC, v:1, k:ed@fractais_png, mode:LOCK, rate:0, size:153
