2026-03-31 09:55:57, MOVE, v:1, k:ed@apagando, mode:PICK
2026-03-31 10:02:35, EXEC, v:1, k:ed@apagando, mode:FULL, rate:0, size:11
2026-03-31 10:03:51, EXEC, v:1, k:ed@apagando, mode:FULL, rate:0, size:12
2026-03-31 10:14:04, EXEC, v:1, k:ed@apagando, mode:FULL, size:27, fail:COMP
2026-03-31 10:14:38, EXEC, v:1, k:ed@apagando, mode:FULL, size:22, fail:COMP
2026-03-31 10:14:41, EXEC, v:1, k:ed@apagando, mode:FULL, fail:COMP
2026-03-31 10:14:46, EXEC, v:1, k:ed@apagando, mode:FULL, size:21, fail:COMP
2026-03-31 10:15:07, EXEC, v:1, k:ed@apagando, mode:FULL, rate:0, size:20
2026-03-31 10:15:28, EXEC, v:1, k:ed@apagando, mode:FULL, rate:0, size:27
2026-03-31 10:16:01, EXEC, v:1, k:ed@apagando, mode:FULL, rate:0, size:26
2026-03-31 10:16:13, EXEC, v:1, k:ed@apagando, mode:FULL, rate:0, size:29
2026-03-31 10:16:21, EXEC, v:1, k:ed@apagando, mode:FULL, rate:0, size:29
2026-03-31 10:16:39, EXEC, v:1, k:ed@apagando, mode:FULL, size:30, fail:COMP
2026-03-31 10:16:49, EXEC, v:1, k:ed@apagando, mode:FULL, size:30, fail:COMP
2026-03-31 10:16:50, EXEC, v:1, k:ed@apagando, mode:FULL, fail:COMP
2026-03-31 10:16:50, EXEC, v:1, k:ed@apagando, mode:FULL, fail:COMP
2026-03-31 10:16:51, EXEC, v:1, k:ed@apagando, mode:FULL, fail:COMP
2026-03-31 10:17:01, EXEC, v:1, k:ed@apagando, mode:FULL, rate:0, size:30
2026-03-31 10:17:48, EXEC, v:1, k:ed@apagando, mode:FULL, rate:0, size:32
2026-03-31 10:18:35, EXEC, v:1, k:ed@apagando, mode:FULL, rate:0, size:31
2026-03-31 10:19:53, EXEC, v:1, k:ed@apagando, mode:FULL, rate:0, size:34
2026-03-31 10:20:19, MOVE, v:1, k:ed@apagando, mode:PICK
2026-03-31 10:20:23, EXEC, v:1, k:ed@apagando, mode:FULL, rate:0, size:30
2026-03-31 10:20:43, EXEC, v:1, k:ed@apagando, mode:FULL, rate:0
2026-03-31 10:21:23, MOVE, v:1, k:ed@apagando, mode:BACK
2026-03-31 10:21:53, MOVE, v:1, k:ed@apagando, mode:PICK
2026-03-31 10:21:57, EXEC, v:1, k:ed@apagando, mode:FULL, rate:0
2026-03-31 10:23:26, EXEC, v:1, k:ed@apagando, mode:FULL, rate:0
2026-03-31 10:23:43, EXEC, v:1, k:ed@apagando, mode:FULL, rate:0
2026-03-31 10:24:06, EXEC, v:1, k:ed@apagando, mode:FULL, rate:0, size:30
2026-03-31 10:24:19, EXEC, v:1, k:ed@apagando, mode:FULL, rate:0, size:30
2026-03-31 10:24:52, MOVE, v:1, k:ed@apagando, mode:BACK
2026-03-31 15:52:29, MOVE, v:1, k:ed@princesa, mode:PICK
2026-03-31 15:52:32, EXEC, v:1, k:ed@princesa, mode:FULL, rate:0
2026-03-31 15:52:38, MOVE, v:1, k:ed@princesa, mode:BACK
2026-03-31 15:52:57, MOVE, v:1, k:ed@manipulacao, mode:DOWN
2026-03-31 15:53:06, MOVE, v:1, k:ed@apagando, mode:PICK
2026-03-31 15:53:11, EXEC, v:1, k:ed@apagando, mode:FULL, rate:100, size:33
2026-03-31 15:53:20, MOVE, v:1, k:ed@apagando, mode:BACK
2026-03-31 15:55:02, MOVE, v:1, k:ed@manipulacao, mode:PICK
2026-03-31 15:55:07, EXEC, v:1, k:ed@manipulacao, mode:FREE, size:106
2026-03-31 15:56:07, MOVE, v:1, k:ed@manipulacao, mode:PICK
2026-03-31 15:56:06, EXEC, v:1, k:ed@manipulacao, mode:FREE
2026-03-31 15:58:08, MOVE, v:1, k:ed@casais, mode:PICK
2026-03-31 15:58:09, EXEC, v:1, k:ed@casais, mode:FREE
2026-03-31 15:59:32, MOVE, v:1, k:ed@baruel, mode:PICK
2026-03-31 16:00:07, EXEC, v:1, k:ed@baruel, mode:FULL, rate:0
2026-03-31 16:02:07, EXEC, v:1, k:ed@baruel, mode:FULL, rate:0
2026-03-31 16:07:48, EXEC, v:1, k:ed@baruel, mode:FULL, size:45, fail:COMP
2026-03-31 16:07:50, EXEC, v:1, k:ed@baruel, mode:FULL, fail:COMP
2026-03-31 16:09:40, EXEC, v:1, k:ed@baruel, mode:FULL, size:45, fail:COMP
2026-03-31 16:09:42, EXEC, v:1, k:ed@baruel, mode:FULL, fail:COMP
2026-03-31 16:10:03, EXEC, v:1, k:ed@baruel, mode:FULL, size:42, fail:COMP
2026-03-31 16:10:10, EXEC, v:1, k:ed@baruel, mode:FULL, rate:0, size:42
2026-03-31 16:10:20, EXEC, v:1, k:ed@baruel, mode:FULL, rate:0, size:42
2026-03-31 16:15:12, EXEC, v:1, k:ed@baruel, mode:FULL, size:43, fail:COMP
2026-03-31 16:15:47, EXEC, v:1, k:ed@baruel, mode:FULL, size:45, fail:COMP
2026-03-31 16:15:50, EXEC, v:1, k:ed@baruel, mode:FULL, fail:COMP
2026-03-31 16:19:15, EXEC, v:1, k:ed@baruel, mode:FULL, fail:COMP
2026-03-31 16:19:22, EXEC, v:1, k:ed@baruel, mode:FULL, rate:0, size:42
2026-03-31 16:26:30, EXEC, v:1, k:ed@baruel, mode:FULL, rate:0, size:54
2026-03-31 16:27:59, EXEC, v:1, k:ed@baruel, mode:FULL, rate:0
2026-03-31 16:33:18, EXEC, v:1, k:ed@baruel, mode:FULL, rate:0, size:64
2026-03-31 16:33:36, EXEC, v:1, k:ed@baruel, mode:FULL, rate:0, size:64
2026-03-31 16:35:44, EXEC, v:1, k:ed@baruel, mode:FULL, rate:0, size:67
2026-03-31 16:37:28, EXEC, v:1, k:ed@baruel, mode:FULL, rate:0, size:69
2026-03-31 16:38:12, EXEC, v:1, k:ed@baruel, mode:FULL, size:76, fail:COMP
2026-03-31 16:38:24, EXEC, v:1, k:ed@baruel, mode:FULL, rate:100, size:76
2026-03-31 16:38:40, MOVE, v:1, k:ed@baruel, mode:BACK
2026-03-31 16:38:41, MOVE, v:1, k:ed@baruel, mode:PICK
2026-03-31 16:38:44, EXEC, v:1, k:ed@baruel, mode:FULL, rate:100
2026-03-31 16:38:47, MOVE, v:1, k:ed@baruel, mode:BACK
2026-03-31 16:39:58, SELF, v:1, k:ed@baruel, self:1, rate:100, study:50, friend:camila
2026-03-31 16:39:59, MOVE, v:1, k:ed@baruel, mode:PICK
2026-03-31 16:40:01, MOVE, v:1, k:ed@baruel, mode:BACK
2026-03-31 16:41:51, SELF, v:1, k:ed@apagando, self:1, rate:100, study:30, problem:1
2026-03-31 16:41:53, MOVE, v:1, k:ed@apagando, mode:PICK
2026-03-31 16:41:57, EXEC, v:1, k:ed@apagando, mode:FULL, rate:100
2026-03-31 16:42:00, EXEC, v:1, k:ed@apagando, mode:FULL, rate:100
2026-03-31 16:42:02, MOVE, v:1, k:ed@apagando, mode:BACK
