2026-04-10 00:02:27, MOVE, v:1, k:ed@fractais_png, mode:BACK
2026-04-10 08:28:57, MOVE, v:1, k:ed@fractais_png, mode:PICK
2026-04-10 08:38:21, EXEC, v:1, k:ed@fractais_png, mode:LOCK, rate:0, size:138
2026-04-10 08:38:23, EXEC, v:1, k:ed@fractais_png, mode:LOCK, rate:0
2026-04-10 08:38:24, EXEC, v:1, k:ed@fractais_png, mode:LOCK, rate:0
2026-04-10 08:38:56, EXEC, v:1, k:ed@fractais_png, mode:LOCK, rate:0, size:140
2026-04-10 08:39:10, EXEC, v:1, k:ed@fractais_png, mode:LOCK, rate:0, size:140
2026-04-10 08:39:21, EXEC, v:1, k:ed@fractais_png, mode:LOCK, rate:0, size:140
2026-04-10 08:39:53, EXEC, v:1, k:ed@fractais_png, mode:LOCK, rate:0, size:142
2026-04-10 08:40:54, EXEC, v:1, k:ed@fractais_png, mode:LOCK, rate:0, size:143
2026-04-10 08:42:09, EXEC, v:1, k:ed@fractais_png, mode:LOCK, rate:0, size:145
2026-04-10 08:42:27, EXEC, v:1, k:ed@fractais_png, mode:LOCK, rate:0, size:145
2026-04-10 08:42:39, EXEC, v:1, k:ed@fractais_png, mode:LOCK, rate:0, size:145
2026-04-10 08:42:47, EXEC, v:1, k:ed@fractais_png, mode:LOCK, rate:0, size:145
2026-04-10 08:43:13, EXEC, v:1, k:ed@fractais_png, mode:LOCK, rate:0, size:146
2026-04-10 08:43:26, EXEC, v:1, k:ed@fractais_png, mode:LOCK, rate:0, size:146
2026-04-10 08:43:35, EXEC, v:1, k:ed@fractais_png, mode:LOCK, rate:0, size:146
2026-04-10 08:43:41, EXEC, v:1, k:ed@fractais_png, mode:LOCK, rate:0, size:146
2026-04-10 08:51:38, EXEC, v:1, k:ed@fractais_png, mode:FULL, size:152, fail:COMP
2026-04-10 08:51:47, EXEC, v:1, k:ed@fractais_png, mode:LOCK, rate:0, size:151
2026-04-10 08:51:50, EXEC, v:1, k:ed@fractais_png, mode:LOCK, rate:0
2026-04-10 08:52:12, EXEC, v:1, k:ed@fractais_png, mode:LOCK, rate:0, size:145
2026-04-10 08:52:35, EXEC, v:1, k:ed@fractais_png, mode:LOCK, rate:0, size:145
2026-04-10 08:52:47, EXEC, v:1, k:ed@fractais_png, mode:LOCK, rate:0, size:139
2026-04-10 08:52:56, EXEC, v:1, k:ed@fractais_png, mode:LOCK, rate:0, size:139
2026-04-10 08:53:32, EXEC, v:1, k:ed@fractais_png, mode:LOCK, rate:0, size:139
2026-04-10 08:53:46, EXEC, v:1, k:ed@fractais_png, mode:LOCK, rate:0, size:139
2026-04-10 08:53:57, EXEC, v:1, k:ed@fractais_png, mode:LOCK, rate:0, size:139
2026-04-10 08:54:10, EXEC, v:1, k:ed@fractais_png, mode:LOCK, rate:0, size:139
2026-04-10 08:54:18, EXEC, v:1, k:ed@fractais_png, mode:LOCK, rate:0, size:139
2026-04-10 08:55:14, EXEC, v:1, k:ed@fractais_png, mode:LOCK, rate:0, size:139
2026-04-10 08:55:28, EXEC, v:1, k:ed@fractais_png, mode:LOCK, rate:0, size:139
2026-04-10 08:56:22, EXEC, v:1, k:ed@fractais_png, mode:LOCK, rate:0, size:130
2026-04-10 08:56:26, EXEC, v:1, k:ed@fractais_png, mode:LOCK, rate:0, size:130
2026-04-10 08:56:48, MOVE, v:1, k:ed@fractais_png, mode:BACK
2026-04-10 10:05:06, MOVE, v:1, k:ed@fractais_png, mode:PICK
2026-04-10 10:05:08, EXEC, v:1, k:ed@fractais_png, mode:LOCK, rate:0, size:129
2026-04-10 10:05:23, EXEC, v:1, k:ed@fractais_png, mode:LOCK, rate:0, size:129
2026-04-10 10:05:34, EXEC, v:1, k:ed@fractais_png, mode:LOCK, rate:0, size:129
2026-04-10 10:05:42, EXEC, v:1, k:ed@fractais_png, mode:LOCK, rate:0, size:129
2026-04-10 10:06:02, EXEC, v:1, k:ed@fractais_png, mode:LOCK, rate:0, size:129
2026-04-10 10:06:05, EXEC, v:1, k:ed@fractais_png, mode:LOCK, rate:0
2026-04-10 10:06:07, EXEC, v:1, k:ed@fractais_png, mode:LOCK, rate:0
2026-04-10 10:06:10, EXEC, v:1, k:ed@fractais_png, mode:LOCK, rate:0
2026-04-10 10:06:13, EXEC, v:1, k:ed@fractais_png, mode:LOCK, rate:0, size:129
2026-04-10 10:06:15, EXEC, v:1, k:ed@fractais_png, mode:LOCK, rate:0
2026-04-10 10:06:28, EXEC, v:1, k:ed@fractais_png, mode:LOCK, rate:0, size:129
2026-04-10 10:06:31, EXEC, v:1, k:ed@fractais_png, mode:LOCK, rate:0
2026-04-10 10:06:35, EXEC, v:1, k:ed@fractais_png, mode:LOCK, rate:0, size:129
2026-04-10 10:06:40, EXEC, v:1, k:ed@fractais_png, mode:LOCK, rate:0
2026-04-10 10:06:46, EXEC, v:1, k:ed@fractais_png, mode:LOCK, rate:0, size:129
2026-04-10 10:06:53, EXEC, v:1, k:ed@fractais_png, mode:LOCK, rate:0, size:129
2026-04-10 10:06:57, EXEC, v:1, k:ed@fractais_png, mode:LOCK, rate:0
2026-04-10 10:07:03, EXEC, v:1, k:ed@fractais_png, mode:LOCK, rate:0, size:129
2026-04-10 10:07:07, EXEC, v:1, k:ed@fractais_png, mode:LOCK, rate:0
2026-04-10 10:07:15, EXEC, v:1, k:ed@fractais_png, mode:LOCK, rate:0
2026-04-10 10:07:24, EXEC, v:1, k:ed@fractais_png, mode:LOCK, rate:0, size:129
2026-04-10 10:07:31, EXEC, v:1, k:ed@fractais_png, mode:LOCK, rate:0
2026-04-10 10:07:39, EXEC, v:1, k:ed@fractais_png, mode:LOCK, rate:0
2026-04-10 10:08:02, EXEC, v:1, k:ed@fractais_png, mode:LOCK, rate:0
2026-04-10 10:10:51, MOVE, v:1, k:ed@fractais_png, mode:PICK
2026-04-10 10:10:54, EXEC, v:1, k:ed@fractais_png, mode:LOCK, rate:0, size:131
2026-04-10 10:12:21, EXEC, v:1, k:ed@fractais_png, mode:LOCK, rate:0, size:131
2026-04-10 10:12:26, EXEC, v:1, k:ed@fractais_png, mode:LOCK, rate:0
2026-04-10 10:12:30, EXEC, v:1, k:ed@fractais_png, mode:LOCK, rate:0, size:131
2026-04-10 10:12:56, EXEC, v:1, k:ed@fractais_png, mode:LOCK, rate:0, size:129
2026-04-10 10:13:19, EXEC, v:1, k:ed@fractais_png, mode:LOCK, rate:0, size:130
2026-04-10 10:13:30, EXEC, v:1, k:ed@fractais_png, mode:LOCK, rate:0, size:130
2026-04-10 10:13:39, EXEC, v:1, k:ed@fractais_png, mode:LOCK, rate:0, size:130
2026-04-10 10:14:01, EXEC, v:1, k:ed@fractais_png, mode:LOCK, rate:0, size:130
2026-04-10 10:14:28, EXEC, v:1, k:ed@fractais_png, mode:LOCK, rate:0, size:131
2026-04-10 10:15:02, EXEC, v:1, k:ed@fractais_png, mode:LOCK, rate:0, size:131
2026-04-10 10:15:05, EXEC, v:1, k:ed@fractais_png, mode:LOCK, rate:0
2026-04-10 10:15:10, EXEC, v:1, k:ed@fractais_png, mode:LOCK, rate:0, size:131
2026-04-10 10:15:14, EXEC, v:1, k:ed@fractais_png, mode:LOCK, rate:0, size:131
2026-04-10 10:15:22, EXEC, v:1, k:ed@fractais_png, mode:LOCK, rate:0, size:130
2026-04-10 10:15:48, EXEC, v:1, k:ed@fractais_png, mode:LOCK, rate:0, size:130
2026-04-10 10:17:36, EXEC, v:1, k:ed@fractais_png, mode:LOCK, rate:0, size:132
2026-04-10 10:18:44, EXEC, v:1, k:ed@fractais_png, mode:LOCK, rate:0, size:128
2026-04-10 10:19:18, EXEC, v:1, k:ed@fractais_png, mode:LOCK, rate:0, size:128
2026-04-10 10:19:30, EXEC, v:1, k:ed@fractais_png, mode:LOCK, rate:0, size:128
2026-04-10 10:19:40, EXEC, v:1, k:ed@fractais_png, mode:LOCK, rate:0, size:128
2026-04-10 10:20:20, EXEC, v:1, k:ed@fractais_png, mode:LOCK, rate:0, size:129
2026-04-10 10:20:23, EXEC, v:1, k:ed@fractais_png, mode:LOCK, rate:0
2026-04-10 10:20:28, EXEC, v:1, k:ed@fractais_png, mode:LOCK, rate:0, size:129
2026-04-10 10:20:38, EXEC, v:1, k:ed@fractais_png, mode:LOCK, rate:0, size:129
2026-04-10 10:20:52, EXEC, v:1, k:ed@fractais_png, mode:LOCK, rate:0, size:129
2026-04-10 10:21:01, EXEC, v:1, k:ed@fractais_png, mode:LOCK, rate:0, size:129
2026-04-10 10:21:09, EXEC, v:1, k:ed@fractais_png, mode:LOCK, rate:0, size:129
2026-04-10 10:21:17, EXEC, v:1, k:ed@fractais_png, mode:LOCK, rate:0, size:129
2026-04-10 10:21:29, EXEC, v:1, k:ed@fractais_png, mode:LOCK, rate:0, size:129
2026-04-10 10:21:40, EXEC, v:1, k:ed@fractais_png, mode:LOCK, rate:0, size:129
2026-04-10 10:21:48, EXEC, v:1, k:ed@fractais_png, mode:LOCK, rate:0, size:129
2026-04-10 10:21:54, EXEC, v:1, k:ed@fractais_png, mode:LOCK, rate:0, size:129
2026-04-10 10:22:02, EXEC, v:1, k:ed@fractais_png, mode:LOCK, rate:0, size:129
2026-04-10 10:22:12, EXEC, v:1, k:ed@fractais_png, mode:LOCK, rate:0, size:129
2026-04-10 10:22:20, EXEC, v:1, k:ed@fractais_png, mode:LOCK, rate:0, size:129
2026-04-10 10:22:30, EXEC, v:1, k:ed@fractais_png, mode:LOCK, rate:0, size:129
2026-04-10 10:22:38, EXEC, v:1, k:ed@fractais_png, mode:LOCK, rate:0, size:129
2026-04-10 10:22:46, EXEC, v:1, k:ed@fractais_png, mode:LOCK, rate:0, size:129
2026-04-10 10:22:54, EXEC, v:1, k:ed@fractais_png, mode:LOCK, rate:0, size:129
2026-04-10 10:23:09, EXEC, v:1, k:ed@fractais_png, mode:LOCK, rate:0, size:127
2026-04-10 10:28:11, EXEC, v:1, k:ed@fractais_png, mode:FULL, size:132, fail:COMP
2026-04-10 10:28:38, EXEC, v:1, k:ed@fractais_png, mode:FULL, size:132, fail:COMP
2026-04-10 10:29:35, EXEC, v:1, k:ed@fractais_png, mode:FULL, size:132, fail:COMP
2026-04-10 10:29:49, EXEC, v:1, k:ed@fractais_png, mode:LOCK, rate:0, size:128
2026-04-10 10:30:01, EXEC, v:1, k:ed@fractais_png, mode:FULL, size:132, fail:COMP
2026-04-10 10:30:25, EXEC, v:1, k:ed@fractais_png, mode:FULL, size:133, fail:COMP
2026-04-10 10:30:28, EXEC, v:1, k:ed@fractais_png, mode:FULL, fail:COMP
2026-04-10 10:30:36, EXEC, v:1, k:ed@fractais_png, mode:FULL, size:133, fail:COMP
2026-04-10 10:30:43, EXEC, v:1, k:ed@fractais_png, mode:FULL, size:133, fail:COMP
2026-04-10 10:30:59, EXEC, v:1, k:ed@fractais_png, mode:FULL, size:133, fail:COMP
2026-04-10 10:31:21, EXEC, v:1, k:ed@fractais_png, mode:LOCK, rate:0, size:133
2026-04-10 10:31:35, EXEC, v:1, k:ed@fractais_png, mode:LOCK, rate:0, size:133
2026-04-10 10:31:47, EXEC, v:1, k:ed@fractais_png, mode:LOCK, rate:0, size:133
2026-04-10 10:32:16, EXEC, v:1, k:ed@fractais_png, mode:LOCK, rate:0, size:133
2026-04-10 10:32:28, EXEC, v:1, k:ed@fractais_png, mode:LOCK, rate:0, size:133
2026-04-10 10:32:38, EXEC, v:1, k:ed@fractais_png, mode:LOCK, rate:0, size:133
2026-04-10 10:32:50, EXEC, v:1, k:ed@fractais_png, mode:LOCK, rate:0, size:133
2026-04-10 10:32:59, EXEC, v:1, k:ed@fractais_png, mode:LOCK, rate:0, size:133
2026-04-10 10:33:12, EXEC, v:1, k:ed@fractais_png, mode:LOCK, rate:0, size:133
2026-04-10 10:33:22, EXEC, v:1, k:ed@fractais_png, mode:LOCK, rate:0, size:133
2026-04-10 10:33:27, EXEC, v:1, k:ed@fractais_png, mode:LOCK, rate:0
