2026-04-06 15:49:40, MOVE, v:1, k:ed@fractais_png, mode:DOWN
2026-04-06 15:49:45, MOVE, v:1, k:ed@fractais_png, mode:PICK
2026-04-06 15:49:46, EXEC, v:1, k:ed@fractais_png, mode:FREE, size:136
2026-04-06 15:50:10, MOVE, v:1, k:ed@fractais_png, mode:BACK
2026-04-06 15:50:13, MOVE, v:1, k:ed@fractais_png, mode:PICK
2026-04-06 15:51:05, MOVE, v:1, k:ed@fractais_png, mode:BACK
2026-04-06 15:55:05, EXEC, v:1, k:src@go, mode:FREE, size:136
2026-04-06 15:55:28, EXEC, v:1, k:src@go, mode:FREE
2026-04-06 15:57:15, EXEC, v:1, k:src@go, mode:FREE
2026-04-06 15:57:41, EXEC, v:1, k:src@go, mode:FREE
2026-04-06 16:00:25, EXEC, v:1, k:src@go, mode:FREE
2026-04-06 16:31:13, EXEC, v:1, k:src@go, mode:FREE
2026-04-06 16:36:19, MOVE, v:1, k:ed@princesa, mode:PICK
2026-04-06 16:36:21, EXEC, v:1, k:ed@princesa, mode:FREE
2026-04-06 16:36:30, EXEC, v:1, k:ed@princesa, mode:FULL, rate:0
2026-04-06 19:09:51, MOVE, v:1, k:ed@princesa, mode:PICK
2026-04-06 19:29:40, EXEC, v:1, k:ed@princesa, mode:FULL, size:18, fail:COMP
2026-04-06 19:30:03, EXEC, v:1, k:ed@princesa, mode:FULL, size:19, fail:COMP
2026-04-06 19:30:19, EXEC, v:1, k:ed@princesa, mode:FULL, rate:0, size:19
2026-04-06 19:30:31, EXEC, v:1, k:ed@princesa, mode:FULL, rate:0, size:19
2026-04-06 19:31:20, EXEC, v:1, k:ed@princesa, mode:FULL, rate:0, size:19
2026-04-06 19:31:39, EXEC, v:1, k:ed@princesa, mode:FULL, rate:0, size:19
2026-04-06 19:31:58, EXEC, v:1, k:ed@princesa, mode:FULL, rate:0, size:19
2026-04-06 19:32:06, EXEC, v:1, k:ed@princesa, mode:FULL, rate:0, size:19
2026-04-06 19:32:32, EXEC, v:1, k:ed@princesa, mode:FULL, rate:0, size:19
2026-04-06 19:32:43, EXEC, v:1, k:ed@princesa, mode:FULL, rate:0, size:19
2026-04-06 19:33:23, EXEC, v:1, k:ed@princesa, mode:FULL, size:18, fail:COMP
2026-04-06 19:33:31, EXEC, v:1, k:ed@princesa, mode:FULL, size:18, fail:COMP
2026-04-06 19:33:33, EXEC, v:1, k:ed@princesa, mode:FULL, fail:COMP
2026-04-06 19:34:08, EXEC, v:1, k:ed@princesa, mode:FULL, size:18, fail:COMP
2026-04-06 19:34:09, EXEC, v:1, k:ed@princesa, mode:FULL, fail:COMP
2026-04-06 19:34:58, EXEC, v:1, k:ed@princesa, mode:FULL, size:19, fail:COMP
2026-04-06 19:35:08, EXEC, v:1, k:ed@princesa, mode:FULL, size:19, fail:COMP
2026-04-06 19:36:02, EXEC, v:1, k:ed@princesa, mode:FULL, rate:0, size:19
2026-04-06 19:36:15, EXEC, v:1, k:ed@princesa, mode:FULL, size:19, fail:COMP
2026-04-06 19:36:45, EXEC, v:1, k:ed@princesa, mode:FULL, rate:0, size:23
2026-04-06 19:36:57, EXEC, v:1, k:ed@princesa, mode:FULL, rate:0, size:23
2026-04-06 19:37:08, EXEC, v:1, k:ed@princesa, mode:FULL, rate:0, size:23
2026-04-06 19:37:33, EXEC, v:1, k:ed@princesa, mode:FULL, rate:0, size:23
2026-04-06 19:37:44, EXEC, v:1, k:ed@princesa, mode:FULL, rate:0, size:23
2026-04-06 19:38:03, EXEC, v:1, k:ed@princesa, mode:FULL, size:23, fail:COMP
2026-04-06 19:38:05, EXEC, v:1, k:ed@princesa, mode:FULL, fail:COMP
2026-04-06 19:38:15, EXEC, v:1, k:ed@princesa, mode:FULL, rate:0, size:23
2026-04-06 19:39:41, EXEC, v:1, k:ed@princesa, mode:FULL, rate:0, size:25
2026-04-06 19:40:09, EXEC, v:1, k:ed@princesa, mode:FULL, rate:0, size:23
2026-04-06 19:40:20, EXEC, v:1, k:ed@princesa, mode:FULL, rate:0
