2026-04-07 09:14:28, EXEC, v:1, k:ed@princesa, mode:FULL, rate:0, size:23
2026-04-07 09:14:55, EXEC, v:1, k:ed@princesa, mode:FULL, rate:0, size:23
2026-04-07 09:18:45, EXEC, v:1, k:ed@princesa, mode:FULL, rate:0, size:27
2026-04-07 09:19:33, EXEC, v:1, k:ed@princesa, mode:FULL, rate:0, size:27
2026-04-07 09:21:22, EXEC, v:1, k:ed@princesa, mode:FULL, size:33, fail:COMP
2026-04-07 09:21:54, EXEC, v:1, k:ed@princesa, mode:FULL, rate:0, size:32
2026-04-07 09:25:08, EXEC, v:1, k:ed@princesa, mode:FULL, rate:0, size:37
2026-04-07 09:25:21, EXEC, v:1, k:ed@princesa, mode:FULL, rate:0, size:37
2026-04-07 09:25:35, EXEC, v:1, k:ed@princesa, mode:FULL, rate:100, size:37
2026-04-07 09:25:39, MOVE, v:1, k:ed@princesa, mode:BACK
2026-04-07 09:26:46, SELF, v:1, k:ed@princesa, self:1, rate:100, study:70, concept:1
2026-04-07 09:26:54, MOVE, v:1, k:ed@manipulacao, mode:PICK
2026-04-07 09:26:57, MOVE, v:1, k:ed@manipulacao, mode:BACK
2026-04-07 09:27:12, MOVE, v:1, k:ed@manipulacao, mode:PICK
2026-04-07 09:27:13, EXEC, v:1, k:ed@manipulacao, mode:FREE
2026-04-07 09:28:10, EXEC, v:1, k:ed@manipulacao, mode:FULL, rate:0
2026-04-07 09:36:35, EXEC, v:1, k:ed@manipulacao, mode:FULL, rate:0, size:112
2026-04-07 09:37:07, EXEC, v:1, k:ed@manipulacao, mode:FULL, size:112, fail:COMP
2026-04-07 09:37:16, EXEC, v:1, k:ed@manipulacao, mode:FULL, rate:0, size:112
2026-04-07 09:38:01, EXEC, v:1, k:ed@manipulacao, mode:FULL, rate:14, size:112
2026-04-07 09:39:11, EXEC, v:1, k:ed@manipulacao, mode:FULL, rate:28, size:118
2026-04-07 09:42:21, EXEC, v:1, k:ed@manipulacao, mode:FULL, rate:28, size:128
2026-04-07 09:42:51, EXEC, v:1, k:ed@manipulacao, mode:FULL, rate:28, size:126
2026-04-07 09:43:00, EXEC, v:1, k:ed@manipulacao, mode:FULL, rate:28, size:126
2026-04-07 09:43:16, EXEC, v:1, k:ed@manipulacao, mode:FULL, rate:28, size:126
2026-04-07 09:43:25, EXEC, v:1, k:ed@manipulacao, mode:FULL, rate:28, size:126
2026-04-07 09:43:33, EXEC, v:1, k:ed@manipulacao, mode:FULL, rate:28, size:126
2026-04-07 09:43:42, EXEC, v:1, k:ed@manipulacao, mode:FULL, rate:28, size:126
2026-04-07 09:47:44, EXEC, v:1, k:ed@manipulacao, mode:FULL, rate:28, size:126
2026-04-07 10:08:49, EXEC, v:1, k:ed@manipulacao, mode:FULL, rate:42, size:131
2026-04-07 10:13:49, EXEC, v:1, k:ed@manipulacao, mode:FULL, size:148, fail:COMP
2026-04-07 10:13:51, EXEC, v:1, k:ed@manipulacao, mode:FULL, fail:COMP
2026-04-07 10:13:57, EXEC, v:1, k:ed@manipulacao, mode:FULL, rate:42, size:148
2026-04-07 10:14:20, EXEC, v:1, k:ed@manipulacao, mode:FULL, rate:42, size:150
2026-04-07 10:14:32, EXEC, v:1, k:ed@manipulacao, mode:FULL, rate:42, size:150
2026-04-07 10:14:56, EXEC, v:1, k:ed@manipulacao, mode:FULL, rate:42, size:150
2026-04-07 10:15:39, EXEC, v:1, k:ed@manipulacao, mode:FULL, size:152, fail:COMP
2026-04-07 10:15:54, EXEC, v:1, k:ed@manipulacao, mode:FULL, rate:42, size:152
2026-04-07 10:18:32, EXEC, v:1, k:ed@manipulacao, mode:FULL, size:143, fail:COMP
2026-04-07 10:18:47, EXEC, v:1, k:ed@manipulacao, mode:FULL, rate:42, size:143
2026-04-07 10:19:28, EXEC, v:1, k:ed@manipulacao, mode:FULL, size:154, fail:COMP
2026-04-07 10:19:47, EXEC, v:1, k:ed@manipulacao, mode:FULL, rate:42, size:154
2026-04-07 10:19:58, EXEC, v:1, k:ed@manipulacao, mode:FULL, rate:42, size:154
2026-04-07 10:20:34, EXEC, v:1, k:ed@manipulacao, mode:FULL, rate:42, size:153
2026-04-07 10:21:58, EXEC, v:1, k:ed@manipulacao, mode:FULL, rate:57, size:162
2026-04-07 10:28:10, EXEC, v:1, k:ed@manipulacao, mode:FULL, rate:57, size:164
2026-04-07 10:28:26, EXEC, v:1, k:ed@manipulacao, mode:FULL, rate:57, size:164
2026-04-07 10:28:35, EXEC, v:1, k:ed@manipulacao, mode:FULL, rate:71, size:164
2026-04-07 10:33:52, EXEC, v:1, k:ed@manipulacao, mode:FULL, size:173, fail:COMP
2026-04-07 10:35:30, EXEC, v:1, k:ed@manipulacao, mode:FULL, rate:71, size:175
2026-04-07 10:35:58, EXEC, v:1, k:ed@manipulacao, mode:FULL, rate:85, size:173
2026-04-07 10:37:20, EXEC, v:1, k:ed@manipulacao, mode:FULL, size:183, fail:COMP
2026-04-07 10:37:31, EXEC, v:1, k:ed@manipulacao, mode:FULL, rate:100, size:185
2026-04-07 10:37:35, EXEC, v:1, k:ed@manipulacao, mode:FULL, rate:100
2026-04-07 10:37:38, MOVE, v:1, k:ed@manipulacao, mode:BACK
2026-04-07 10:38:34, SELF, v:1, k:ed@manipulacao, self:1, rate:100, study:40, concept:1
