2026-05-26 11:41:42, MOVE, v:1, k:ed@lista_d2, mode:PICK
2026-05-26 11:41:44, EXEC, v:1, k:ed@lista_d2, mode:FULL, size:137, fail:COMP
2026-05-26 11:46:32, EXEC, v:1, k:ed@lista_d2, mode:FULL, size:136, fail:COMP
2026-05-26 11:53:30, EXEC, v:1, k:ed@lista_d2, mode:FULL, size:144, fail:COMP
2026-05-26 11:55:29, EXEC, v:1, k:ed@lista_d2, mode:FULL, size:151, fail:COMP
2026-05-26 11:55:45, EXEC, v:1, k:ed@lista_d2, mode:FULL, size:151, fail:COMP
2026-05-26 11:55:53, EXEC, v:1, k:ed@lista_d2, mode:FULL, rate:0, size:151
2026-05-26 11:56:08, EXEC, v:1, k:ed@lista_d2, mode:FULL, rate:0, size:151
2026-05-26 14:12:50, MOVE, v:1, k:ed@lista_d2, mode:PICK
2026-05-26 14:12:53, EXEC, v:1, k:ed@lista_d2, mode:FULL, rate:0
2026-05-26 14:24:26, EXEC, v:1, k:ed@lista_d2, mode:FULL, size:165, fail:COMP
2026-05-26 14:24:46, EXEC, v:1, k:ed@lista_d2, mode:FULL, rate:0, size:165
2026-05-26 14:25:40, EXEC, v:1, k:ed@lista_d2, mode:FULL, rate:0, size:163
2026-05-26 14:26:09, EXEC, v:1, k:ed@lista_d2, mode:FULL, size:163, fail:COMP
2026-05-26 14:27:57, EXEC, v:1, k:ed@lista_d2, mode:FULL, rate:0, size:167
2026-05-26 14:28:21, EXEC, v:1, k:ed@lista_d2, mode:FULL, rate:0, size:168
2026-05-26 14:28:35, EXEC, v:1, k:ed@lista_d2, mode:FULL, size:167, fail:COMP
2026-05-26 14:28:37, EXEC, v:1, k:ed@lista_d2, mode:FULL, fail:COMP
2026-05-26 14:28:54, EXEC, v:1, k:ed@lista_d2, mode:FULL, rate:0, size:168
2026-05-26 14:28:59, EXEC, v:1, k:ed@lista_d2, mode:FULL, rate:0
2026-05-26 14:29:34, EXEC, v:1, k:ed@lista_d2, mode:FULL, rate:0, size:169
2026-05-26 14:30:05, EXEC, v:1, k:ed@lista_d2, mode:FULL, size:169, fail:COMP
2026-05-26 14:30:08, EXEC, v:1, k:ed@lista_d2, mode:FULL, size:169, fail:COMP
2026-05-26 14:30:10, EXEC, v:1, k:ed@lista_d2, mode:FULL, fail:COMP
2026-05-26 14:30:35, EXEC, v:1, k:ed@lista_d2, mode:FULL, rate:0, size:177
2026-05-26 14:32:43, EXEC, v:1, k:ed@lista_d2, mode:FULL, size:177, fail:COMP
2026-05-26 14:32:52, EXEC, v:1, k:ed@lista_d2, mode:FULL, fail:COMP
2026-05-26 14:33:02, EXEC, v:1, k:ed@lista_d2, mode:FULL, rate:0, size:177
2026-05-26 14:33:23, EXEC, v:1, k:ed@lista_d2, mode:FULL, size:177, fail:COMP
2026-05-26 14:33:24, EXEC, v:1, k:ed@lista_d2, mode:FULL, fail:COMP
2026-05-26 14:33:39, EXEC, v:1, k:ed@lista_d2, mode:FULL, size:177, fail:COMP
2026-05-26 14:33:40, EXEC, v:1, k:ed@lista_d2, mode:FULL, fail:COMP
2026-05-26 14:33:41, EXEC, v:1, k:ed@lista_d2, mode:FULL, fail:COMP
2026-05-26 14:34:19, EXEC, v:1, k:ed@lista_d2, mode:FULL, rate:0, size:195
2026-05-26 14:34:51, EXEC, v:1, k:ed@lista_d2, mode:FULL, rate:0, size:195
2026-05-26 14:35:50, EXEC, v:1, k:ed@lista_d2, mode:FULL, rate:20, size:195
2026-05-26 14:36:37, EXEC, v:1, k:ed@lista_d2, mode:FULL, rate:20, size:198
2026-05-26 14:37:25, EXEC, v:1, k:ed@lista_d2, mode:FULL, size:198, fail:COMP
2026-05-26 14:37:31, EXEC, v:1, k:ed@lista_d2, mode:FULL, fail:COMP
2026-05-26 14:37:41, EXEC, v:1, k:ed@lista_d2, mode:FULL, rate:20, size:198
2026-05-26 14:39:19, EXEC, v:1, k:ed@lista_d2, mode:FULL, size:204, fail:COMP
2026-05-26 14:39:39, EXEC, v:1, k:ed@lista_d2, mode:FULL, rate:20, size:204
2026-05-26 14:39:44, EXEC, v:1, k:ed@lista_d2, mode:FULL, rate:20
2026-05-26 14:39:58, EXEC, v:1, k:ed@lista_d2, mode:FULL, rate:20, size:204
2026-05-26 14:40:05, EXEC, v:1, k:ed@lista_d2, mode:FULL, rate:40, size:204
2026-05-26 14:44:03, EXEC, v:1, k:ed@lista_d2, mode:FULL, size:217, fail:COMP
2026-05-26 14:44:14, EXEC, v:1, k:ed@lista_d2, mode:FULL, size:217, fail:COMP
2026-05-26 14:44:22, EXEC, v:1, k:ed@lista_d2, mode:FULL, rate:40, size:217
2026-05-26 14:45:16, EXEC, v:1, k:ed@lista_d2, mode:FULL, rate:40, size:213
2026-05-26 14:46:26, EXEC, v:1, k:ed@lista_d2, mode:FULL, rate:40, size:215
2026-05-26 14:48:09, EXEC, v:1, k:ed@lista_d2, mode:FULL, size:216, fail:COMP
2026-05-26 14:48:17, EXEC, v:1, k:ed@lista_d2, mode:FULL, size:216, fail:COMP
2026-05-26 14:50:54, EXEC, v:1, k:ed@lista_d2, mode:FULL, size:223, fail:COMP
2026-05-26 14:52:09, EXEC, v:1, k:ed@lista_d2, mode:FULL, size:226, fail:COMP
2026-05-26 14:52:10, EXEC, v:1, k:ed@lista_d2, mode:FULL, fail:COMP
2026-05-26 14:52:15, EXEC, v:1, k:ed@lista_d2, mode:FULL, rate:60, size:226
2026-05-26 14:53:48, EXEC, v:1, k:ed@lista_d2, mode:FULL, size:237, fail:COMP
2026-05-26 14:53:57, EXEC, v:1, k:ed@lista_d2, mode:FULL, rate:80, size:237
2026-05-26 14:58:17, EXEC, v:1, k:ed@lista_d2, mode:FULL, size:233, fail:COMP
2026-05-26 14:58:27, EXEC, v:1, k:ed@lista_d2, mode:FULL, size:233, fail:COMP
2026-05-26 14:58:36, EXEC, v:1, k:ed@lista_d2, mode:FULL, rate:60, size:233
2026-05-26 14:58:40, EXEC, v:1, k:ed@lista_d2, mode:FULL, rate:60
2026-05-26 15:01:58, EXEC, v:1, k:ed@lista_d2, mode:FULL, size:235, fail:COMP
2026-05-26 15:02:09, EXEC, v:1, k:ed@lista_d2, mode:FULL, rate:80, size:235
2026-05-26 15:03:14, EXEC, v:1, k:ed@lista_d2, mode:FULL, size:236, fail:COMP
2026-05-26 15:03:20, EXEC, v:1, k:ed@lista_d2, mode:FULL, rate:60, size:236
2026-05-26 15:04:18, EXEC, v:1, k:ed@lista_d2, mode:FULL, rate:100, size:239
2026-05-26 15:04:21, MOVE, v:1, k:ed@lista_d2, mode:BACK
2026-05-26 15:04:58, SELF, v:1, k:ed@lista_d2, self:1, rate:100, study:60, concept:1, problem:1
