2026-05-25 01:36:48, MOVE, v:1, k:ed@bettersearch, mode:DOWN
2026-05-25 01:36:50, MOVE, v:1, k:ed@bettersearch, mode:PICK
2026-05-25 01:46:12, MOVE, v:1, k:ed@bettersearch, mode:BACK
2026-05-25 02:04:33, MOVE, v:1, k:ed@bettersearch, mode:PICK
2026-05-25 09:43:04, MOVE, v:1, k:ed@bettersearch, mode:BACK
2026-05-25 09:43:33, MOVE, v:1, k:ed@lista_d1, mode:PICK
2026-05-25 09:43:38, EXEC, v:1, k:ed@lista_d1, mode:FULL, fail:COMP
2026-05-25 09:54:14, EXEC, v:1, k:ed@lista_d1, mode:FULL, size:84, fail:COMP
2026-05-25 09:54:28, EXEC, v:1, k:ed@lista_d1, mode:FULL, size:84, fail:COMP
2026-05-25 09:54:57, EXEC, v:1, k:ed@lista_d1, mode:FULL, rate:0, size:84
2026-05-25 09:56:06, EXEC, v:1, k:ed@lista_d1, mode:FULL, rate:0, size:85
2026-05-25 09:57:38, EXEC, v:1, k:ed@lista_d1, mode:FULL, rate:0, size:89
2026-05-25 10:00:40, EXEC, v:1, k:ed@lista_d1, mode:FULL, rate:0, size:95
2026-05-25 10:00:53, EXEC, v:1, k:ed@lista_d1, mode:FULL, rate:14, size:95
2026-05-25 10:09:51, EXEC, v:1, k:ed@lista_d1, mode:FULL, size:110, fail:COMP
2026-05-25 10:10:19, EXEC, v:1, k:ed@lista_d1, mode:FULL, rate:14, size:110
2026-05-25 10:10:34, EXEC, v:1, k:ed@lista_d1, mode:FULL, size:110, fail:COMP
2026-05-25 10:10:52, EXEC, v:1, k:ed@lista_d1, mode:FULL, rate:14, size:111
2026-05-25 10:13:48, EXEC, v:1, k:ed@lista_d1, mode:FULL, rate:14, size:111
2026-05-25 10:14:10, EXEC, v:1, k:ed@lista_d1, mode:FULL, rate:14, size:111
2026-05-25 10:14:24, EXEC, v:1, k:ed@lista_d1, mode:FULL, rate:42, size:111
2026-05-25 10:16:05, EXEC, v:1, k:ed@lista_d1, mode:FULL, rate:42, size:126
2026-05-25 10:16:13, EXEC, v:1, k:ed@lista_d1, mode:FULL, rate:57, size:126
2026-05-25 10:19:54, EXEC, v:1, k:ed@lista_d1, mode:FULL, size:140, fail:COMP
2026-05-25 10:20:33, EXEC, v:1, k:ed@lista_d1, mode:FULL, size:140, fail:COMP
2026-05-25 10:22:03, EXEC, v:1, k:ed@lista_d1, mode:FULL, rate:57, size:154
2026-05-25 10:22:47, EXEC, v:1, k:ed@lista_d1, mode:FULL, rate:57, size:154
2026-05-25 10:24:42, EXEC, v:1, k:ed@lista_d1, mode:FULL, rate:57, size:160
2026-05-25 10:24:54, EXEC, v:1, k:ed@lista_d1, mode:FULL, rate:71, size:160
2026-05-25 10:28:51, EXEC, v:1, k:ed@lista_d1, mode:FULL, rate:57, size:161
2026-05-25 10:29:14, EXEC, v:1, k:ed@lista_d1, mode:FULL, rate:71, size:160
2026-05-25 10:29:49, EXEC, v:1, k:ed@lista_d1, mode:FULL, rate:100, size:160
2026-05-25 10:29:56, MOVE, v:1, k:ed@lista_d1, mode:BACK
2026-05-25 10:31:00, SELF, v:1, k:ed@lista_d1, self:1, rate:100, study:60, concept:1, debug:1, refactor:1
2026-05-25 14:47:04, MOVE, v:1, k:ed@lista_d2, mode:DOWN
2026-05-25 14:47:41, MOVE, v:1, k:ed@lista_d2, mode:PICK
2026-05-25 16:19:07, MOVE, v:1, k:ed@lista_d2, mode:PICK
2026-05-25 16:19:15, EXEC, v:1, k:ed@lista_d2, mode:FULL, size:132, fail:COMP
2026-05-25 16:19:56, EXEC, v:1, k:ed@lista_d2, mode:FULL, size:130, fail:COMP
2026-05-25 16:23:19, EXEC, v:1, k:ed@lista_d2, mode:FULL, size:136, fail:COMP
2026-05-25 16:24:46, EXEC, v:1, k:ed@lista_d2, mode:FULL, size:136, fail:COMP
2026-05-25 16:30:58, MOVE, v:1, k:ed@lista_d2, mode:BACK
