2026-03-16 00:45:52, MOVE, v:1, k:ed@pintando, mode:DOWN
2026-03-16 00:45:57, MOVE, v:1, k:ed@pintando, mode:PICK
2026-03-16 00:56:21, MOVE, v:1, k:ed@pintando, mode:PICK
2026-03-16 00:56:27, EXEC, v:1, k:ed@pintando, mode:FREE, size:14
2026-03-16 00:56:28, EXEC, v:1, k:ed@pintando, mode:FREE, fail:COMP
2026-03-16 00:58:08, MOVE, v:1, k:ed@pintando, mode:BACK
2026-03-16 00:58:11, MOVE, v:1, k:ed@pintando, mode:PICK
2026-03-16 00:58:25, MOVE, v:1, k:ed@pintando, mode:BACK
2026-03-16 01:03:48, MOVE, v:1, k:ed@pintando, mode:PICK
2026-03-16 11:30:30, MOVE, v:1, k:ed@pintando, mode:BACK
2026-03-16 11:38:36, MOVE, v:1, k:ed@pintando, mode:PICK
2026-03-16 11:38:49, MOVE, v:1, k:ed@pintando, mode:BACK
2026-03-16 12:38:28, MOVE, v:1, k:ed@pintando, mode:PICK
2026-03-16 14:34:16, MOVE, v:1, k:ed@pintando, mode:PICK
2026-03-16 14:41:36, MOVE, v:1, k:ed@pintando, mode:PICK
2026-03-16 14:42:20, MOVE, v:1, k:ed@pintando, mode:PICK
2026-03-16 14:42:39, EXEC, v:1, k:ed@pintando, mode:FULL, size:15, fail:COMP
2026-03-16 14:42:40, EXEC, v:1, k:ed@pintando, mode:FULL, fail:COMP
2026-03-16 14:42:41, EXEC, v:1, k:ed@pintando, mode:FULL, fail:COMP
2026-03-16 14:42:42, EXEC, v:1, k:ed@pintando, mode:FULL, fail:COMP
2026-03-16 14:42:42, EXEC, v:1, k:ed@pintando, mode:FULL, fail:COMP
2026-03-16 14:42:43, EXEC, v:1, k:ed@pintando, mode:FULL, fail:COMP
2026-03-16 14:42:44, EXEC, v:1, k:ed@pintando, mode:FULL, fail:COMP
2026-03-16 14:42:45, EXEC, v:1, k:ed@pintando, mode:FULL, fail:COMP
2026-03-16 14:42:50, MOVE, v:1, k:ed@pintando, mode:BACK
2026-03-16 14:42:52, MOVE, v:1, k:ed@pintando, mode:PICK
2026-03-16 14:42:54, EXEC, v:1, k:ed@pintando, mode:FREE
2026-03-16 14:43:17, EXEC, v:1, k:ed@pintando, mode:FULL, fail:COMP
2026-03-16 14:43:18, EXEC, v:1, k:ed@pintando, mode:FULL, fail:COMP
2026-03-16 14:43:18, EXEC, v:1, k:ed@pintando, mode:FULL, fail:COMP
2026-03-16 14:43:19, EXEC, v:1, k:ed@pintando, mode:FULL, fail:COMP
2026-03-16 14:43:20, EXEC, v:1, k:ed@pintando, mode:FULL, fail:COMP
2026-03-16 14:43:20, EXEC, v:1, k:ed@pintando, mode:FULL, fail:COMP
2026-03-16 14:43:21, EXEC, v:1, k:ed@pintando, mode:FULL, fail:COMP
2026-03-16 14:43:21, MOVE, v:1, k:ed@pintando, mode:BACK
2026-03-16 14:43:23, MOVE, v:1, k:ed@pintando, mode:PICK
2026-03-16 14:43:25, MOVE, v:1, k:ed@pintando, mode:BACK
2026-03-16 14:43:26, MOVE, v:1, k:ed@pintando, mode:PICK
2026-03-16 14:43:47, EXEC, v:1, k:ed@pintando, mode:FREE
2026-03-16 14:44:13, EXEC, v:1, k:ed@pintando, mode:FULL, fail:COMP
2026-03-16 14:44:20, EXEC, v:1, k:ed@pintando, mode:FULL, fail:COMP
2026-03-16 14:44:21, EXEC, v:1, k:ed@pintando, mode:FULL, fail:COMP
2026-03-16 14:44:31, EXEC, v:1, k:ed@pintando, mode:FULL, size:15, fail:COMP
2026-03-16 14:44:31, EXEC, v:1, k:ed@pintando, mode:FULL, size:15, fail:COMP
2026-03-16 14:44:32, EXEC, v:1, k:ed@pintando, mode:FULL, size:15, fail:COMP
2026-03-16 14:45:14, EXEC, v:1, k:ed@pintando, mode:FULL, rate:100, size:15
2026-03-16 14:45:34, MOVE, v:1, k:ed@pintando, mode:BACK
2026-03-16 14:45:40, MOVE, v:1, k:ed@pintando, mode:DOWN
2026-03-16 14:47:33, SELF, v:1, k:ed@pintando, self:1, rate:100, study:1440222, concept:1
2026-03-16 14:48:28, MOVE, v:1, k:ed@mumia, mode:DOWN
2026-03-16 14:48:33, MOVE, v:1, k:ed@mumia, mode:PICK
2026-03-16 14:48:53, MOVE, v:1, k:ed@mumia, mode:BACK
2026-03-16 14:49:54, MOVE, v:1, k:ed@mumia, mode:PICK
2026-03-16 15:38:40, MOVE, v:1, k:ed@mumia, mode:PICK
2026-03-16 15:42:00, EXEC, v:1, k:ed@mumia, mode:FULL, size:24, fail:COMP
2026-03-16 15:43:43, EXEC, v:1, k:ed@mumia, mode:FULL, size:26, fail:COMP
2026-03-16 15:43:55, EXEC, v:1, k:ed@mumia, mode:FULL, rate:55, size:26
2026-03-16 15:44:59, EXEC, v:1, k:ed@mumia, mode:FULL, rate:100, size:26
2026-03-16 15:45:02, MOVE, v:1, k:ed@mumia, mode:BACK
2026-03-16 15:45:17, SELF, v:1, k:ed@mumia, self:1, rate:100, study:10
2026-03-16 15:45:52, MOVE, v:1, k:ed@fuga, mode:DOWN
2026-03-16 15:45:57, MOVE, v:1, k:ed@fuga, mode:PICK
2026-03-16 15:52:12, MOVE, v:1, k:ed@fuga, mode:BACK
2026-03-16 15:54:30, MOVE, v:1, k:ed@fuga, mode:PICK
2026-03-16 16:19:12, EXEC, v:1, k:ed@fuga, mode:FULL, size:20, fail:COMP
2026-03-16 16:19:13, EXEC, v:1, k:ed@fuga, mode:FULL, fail:COMP
2026-03-16 16:19:13, MOVE, v:1, k:ed@fuga, mode:BACK
2026-03-16 16:19:30, MOVE, v:1, k:ed@fuga, mode:PICK
2026-03-16 16:19:39, EXEC, v:1, k:ed@fuga, mode:FULL, rate:10, size:20
2026-03-16 16:19:45, EXEC, v:1, k:ed@fuga, mode:FULL, rate:10
2026-03-16 16:19:50, EXEC, v:1, k:ed@fuga, mode:FULL, rate:10
2026-03-16 16:20:12, EXEC, v:1, k:ed@fuga, mode:FULL, rate:10, size:20
2026-03-16 16:22:15, EXEC, v:1, k:ed@fuga, mode:FULL, rate:0, size:20
2026-03-16 16:22:24, EXEC, v:1, k:ed@fuga, mode:FULL, rate:20
2026-03-16 16:32:29, EXEC, v:1, k:ed@fuga, mode:FULL, rate:40, size:18
2026-03-16 16:36:26, EXEC, v:1, k:ed@fuga, mode:FULL, rate:0, size:19
2026-03-16 16:37:17, EXEC, v:1, k:ed@fuga, mode:FULL, rate:20, size:21
2026-03-16 16:38:16, EXEC, v:1, k:ed@fuga, mode:FULL, rate:80, size:26
2026-03-16 16:38:45, EXEC, v:1, k:ed@fuga, mode:FULL, rate:100, size:30
2026-03-16 16:39:07, EXEC, v:1, k:ed@fuga, mode:FULL, rate:100, size:29
2026-03-16 16:39:07, MOVE, v:1, k:ed@fuga, mode:BACK
2026-03-16 16:42:16, SELF, v:1, k:ed@fuga, self:1, rate:100, study:20
2026-03-16 19:28:55, MOVE, v:1, k:ed@pedra, mode:DOWN
2026-03-16 19:28:57, MOVE, v:1, k:ed@pedra, mode:PICK
2026-03-16 20:03:45, EXEC, v:1, k:ed@pedra, mode:FULL, size:19, fail:COMP
2026-03-16 20:04:18, EXEC, v:1, k:ed@pedra, mode:FULL, size:19, fail:COMP
2026-03-16 20:04:41, EXEC, v:1, k:ed@pedra, mode:FULL, rate:0, size:19
2026-03-16 20:05:47, EXEC, v:1, k:ed@pedra, mode:FULL, rate:0, size:21
2026-03-16 20:05:54, EXEC, v:1, k:ed@pedra, mode:FULL, rate:0
2026-03-16 20:06:06, EXEC, v:1, k:ed@pedra, mode:FULL, size:21, fail:COMP
2026-03-16 20:06:40, EXEC, v:1, k:ed@pedra, mode:FULL, rate:0, size:21
2026-03-16 20:06:59, EXEC, v:1, k:ed@pedra, mode:FULL, rate:0, size:21
