2026-04-11 08:16:37, MOVE, v:1, k:ed@eh_primo, mode:DOWN
2026-04-11 08:16:43, MOVE, v:1, k:ed@resto, mode:PICK
2026-04-11 08:16:45, EXEC, v:1, k:ed@resto, mode:FULL, size:22, fail:COMP
2026-04-11 08:17:39, EXEC, v:1, k:ed@resto, mode:FULL, size:22, fail:COMP
2026-04-11 08:18:13, EXEC, v:1, k:ed@resto, mode:FULL, size:22, fail:COMP
2026-04-11 08:18:22, EXEC, v:1, k:ed@resto, mode:FULL, rate:0, size:22
2026-04-11 08:19:02, EXEC, v:1, k:ed@resto, mode:FULL, rate:0, size:22
2026-04-11 08:19:12, EXEC, v:1, k:ed@resto, mode:FULL, rate:100, size:22
2026-04-11 08:19:13, MOVE, v:1, k:ed@resto, mode:BACK
2026-04-11 08:20:19, SELF, v:1, k:ed@resto, self:1, rate:100, study:10, guided:1
2026-04-11 08:23:45, MOVE, v:1, k:ed@mdc, mode:DOWN
2026-04-11 08:23:52, MOVE, v:1, k:ed@mdc, mode:PICK
2026-04-11 08:27:05, EXEC, v:1, k:ed@mdc, mode:FULL, size:21, fail:COMP
2026-04-11 08:27:29, EXEC, v:1, k:ed@mdc, mode:FULL, rate:20, size:21
2026-04-11 08:28:03, EXEC, v:1, k:ed@mdc, mode:FULL, rate:0, size:21
2026-04-11 08:28:09, EXEC, v:1, k:ed@mdc, mode:FULL, size:21, fail:COMP
2026-04-11 08:28:16, EXEC, v:1, k:ed@mdc, mode:FULL, rate:20, size:21
2026-04-11 08:28:49, EXEC, v:1, k:ed@mdc, mode:FULL, rate:20
2026-04-11 08:30:43, EXEC, v:1, k:ed@mdc, mode:FULL, rate:0, size:26
2026-04-11 08:30:59, EXEC, v:1, k:ed@mdc, mode:FULL, rate:0, size:25
2026-04-11 08:34:26, EXEC, v:1, k:ed@mdc, mode:FULL, rate:100, size:25
2026-04-11 08:34:34, MOVE, v:1, k:ed@mdc, mode:BACK
2026-04-11 08:35:25, SELF, v:1, k:ed@mdc, self:1, rate:100, concept:1
2026-04-11 08:37:34, MOVE, v:1, k:ed@queimada, mode:DOWN
