2026-03-23 16:36:48, MOVE, v:1, k:ed@princesa, mode:DOWN
2026-03-23 16:36:51, MOVE, v:1, k:ed@princesa, mode:PICK
2026-03-23 16:36:52, EXEC, v:1, k:ed@princesa, mode:FREE, size:5
2026-03-23 16:37:53, EXEC, v:1, k:ed@princesa, mode:FULL, rate:0
2026-03-23 16:37:56, EXEC, v:1, k:ed@princesa, mode:FULL, rate:0
2026-03-23 16:37:56, MOVE, v:1, k:ed@princesa, mode:BACK
2026-03-23 16:37:57, MOVE, v:1, k:ed@princesa, mode:PICK
2026-03-23 16:37:57, MOVE, v:1, k:ed@princesa, mode:BACK
2026-03-23 16:38:00, MOVE, v:1, k:ed@apagando, mode:DOWN
2026-03-23 16:38:05, MOVE, v:1, k:ed@apagando, mode:PICK
2026-03-23 16:38:06, EXEC, v:1, k:ed@apagando, mode:FREE, size:4
2026-03-23 16:42:54, EXEC, v:1, k:ed@apagando, mode:FULL, size:17, fail:COMP
2026-03-23 16:43:58, EXEC, v:1, k:ed@apagando, mode:FULL, size:19, fail:COMP
2026-03-23 16:43:59, EXEC, v:1, k:ed@apagando, mode:FULL, fail:COMP
2026-03-23 16:44:20, EXEC, v:1, k:ed@apagando, mode:FULL, size:19, fail:COMP
2026-03-23 16:44:21, EXEC, v:1, k:ed@apagando, mode:FULL, fail:COMP
2026-03-23 16:44:43, EXEC, v:1, k:ed@apagando, mode:FULL, size:11, fail:COMP
2026-03-23 16:44:45, EXEC, v:1, k:ed@apagando, mode:FULL, fail:COMP
2026-03-23 16:44:51, EXEC, v:1, k:ed@apagando, mode:FULL, size:11, fail:COMP
2026-03-23 16:45:08, EXEC, v:1, k:ed@apagando, mode:FULL, size:11, fail:COMP
2026-03-23 16:45:19, EXEC, v:1, k:ed@apagando, mode:FULL, rate:0, size:11
2026-03-23 16:45:42, EXEC, v:1, k:ed@apagando, mode:FULL, rate:0, size:13
2026-03-23 16:46:31, EXEC, v:1, k:ed@apagando, mode:FULL, rate:0, size:13
2026-03-23 16:47:18, EXEC, v:1, k:ed@apagando, mode:FULL, rate:0, size:13
2026-03-23 16:47:30, EXEC, v:1, k:ed@apagando, mode:FULL, rate:0, size:13
2026-03-23 16:47:55, EXEC, v:1, k:ed@apagando, mode:FULL, rate:0, size:14
2026-03-23 16:48:14, EXEC, v:1, k:ed@apagando, mode:FULL, rate:0, size:13
2026-03-23 16:48:32, EXEC, v:1, k:ed@apagando, mode:FULL, size:13, fail:COMP
2026-03-23 16:48:32, EXEC, v:1, k:ed@apagando, mode:FULL, size:13, fail:COMP
2026-03-23 16:48:49, EXEC, v:1, k:ed@apagando, mode:FULL, size:13, fail:COMP
2026-03-23 16:48:58, EXEC, v:1, k:ed@apagando, mode:FULL, size:13, fail:COMP
2026-03-23 16:48:59, EXEC, v:1, k:ed@apagando, mode:FULL, fail:COMP
